<?xml version="1.0" encoding="UTF-8"?>
<!-- Generated by org.testng.reporters.JUnitReportReporter -->
<testsuite hostname="fv-az357-697" failures="0" tests="1" name="com.ea.springbasic.runner.TestRunner" time="36.292" errors="0" timestamp="2023-08-17T19:17:18 UTC" skipped="0">
  <testcase classname="com.ea.springbasic.runner.TestRunner" name="runScenario" time="36.292"/>
</testsuite> <!-- com.ea.springbasic.runner.TestRunner -->
