<?xml version="1.0" encoding="UTF-8"?>
<!-- Generated by org.testng.reporters.JUnitReportReporter -->
<testsuite hostname="fv-az1233-639" failures="0" tests="1" name="com.ea.springbasic.runner.TestRunner" time="27.352" errors="0" timestamp="2023-08-17T19:29:15 UTC" skipped="0">
  <testcase classname="com.ea.springbasic.runner.TestRunner" name="runScenario" time="27.352"/>
</testsuite> <!-- com.ea.springbasic.runner.TestRunner -->
